<?xml version="1.0" encoding="UTF-8"?>
<testsuite xmlns:xsi="http://www.w3.org/2001/XMLSchema-instance" xsi:noNamespaceSchemaLocation="https://maven.apache.org/surefire/maven-surefire-plugin/xsd/surefire-test-report-3.0.xsd" version="3.0" name="projectapp.PensionTest" time="0.1" tests="2" errors="0" skipped="0" failures="0">
  <properties>
[...]
</properties>
  <testcase name="shouldReturnTotalPotError" classname="projectapp.PensionTest" time="0.016">
    <system-out><![CDATA[2024-11-28T10:52:30.629Z  INFO 34398 --- [           main] t.c.s.AnnotationConfigContextLoaderUtils : Could not detect default configuration classes for test class [projectapp.PensionTest]: PensionTest does not declare any static, non-private, non-final, nested classes annotated with @Configuration.
2024-11-28T10:52:30.660Z  INFO 34398 --- [           main] .b.t.c.SpringBootTestContextBootstrapper : Found @SpringBootConfiguration projectapp.App for test class projectapp.PensionTest
2024-11-28T10:52:30.685Z  WARN 34398 --- [           main] .w.s.m.s.DefaultHandlerExceptionResolver : Resolved [org.springframework.http.converter.HttpMessageNotReadableException: JSON parse error: Cannot construct instance of `projectapp.Models.PensionModel`, problem: Retirement must be in the future]
]]></system-out>
  </testcase>
  <testcase name="shouldReturnTotalPot" classname="projectapp.PensionTest" time="0.014"/>
</testsuite>